[debug] [2021-02-05T07:59:24.834Z] ----------------------------------------------------------------------
[debug] [2021-02-05T07:59:24.838Z] Command:       C:\Program Files\nodejs\node.exe C:\Users\dinom\AppData\Roaming\npm\node_modules\firebase-tools\lib\bin\firebase.js deploy
[debug] [2021-02-05T07:59:24.838Z] CLI Version:   9.3.0
[debug] [2021-02-05T07:59:24.838Z] Platform:      win32
[debug] [2021-02-05T07:59:24.838Z] Node Version:  v14.15.0
[debug] [2021-02-05T07:59:24.847Z] Time:          Fri Feb 05 2021 15:59:24 GMT+0800 (Singapore Standard Time)
[debug] [2021-02-05T07:59:24.847Z] ----------------------------------------------------------------------
[debug] [2021-02-05T07:59:24.847Z] 
[debug] [2021-02-05T07:59:24.860Z] > command requires scopes: ["email","openid","https://www.googleapis.com/auth/cloudplatformprojects.readonly","https://www.googleapis.com/auth/firebase","https://www.googleapis.com/auth/cloud-platform"]
[debug] [2021-02-05T07:59:24.860Z] > authorizing via signed-in user
[debug] [2021-02-05T07:59:24.861Z] [iam] checking project fypj-5cf75 for permissions ["cloudconfig.configs.get","cloudconfig.configs.update","cloudfunctions.functions.create","cloudfunctions.functions.delete","cloudfunctions.functions.get","cloudfunctions.functions.list","cloudfunctions.functions.update","cloudfunctions.operations.get","datastore.indexes.create","datastore.indexes.delete","datastore.indexes.list","datastore.indexes.update","firebase.projects.get","firebasedatabase.instances.update","firebasehosting.sites.update","firebaserules.releases.create","firebaserules.releases.update","firebaserules.rulesets.create"]
[debug] [2021-02-05T07:59:24.865Z] > refreshing access token with scopes: ["email","https://www.googleapis.com/auth/cloud-platform","https://www.googleapis.com/auth/cloudplatformprojects.readonly","https://www.googleapis.com/auth/firebase","openid"]
[debug] [2021-02-05T07:59:24.865Z] >>> HTTP REQUEST POST https://www.googleapis.com/oauth2/v3/token  
 <request body omitted>
[debug] [2021-02-05T07:59:24.975Z] <<< HTTP RESPONSE 200 {"cache-control":"no-cache, no-store, max-age=0, must-revalidate","pragma":"no-cache","date":"Fri, 05 Feb 2021 07:59:24 GMT","expires":"Mon, 01 Jan 1990 00:00:00 GMT","content-type":"application/json; charset=utf-8","vary":"X-Origin, Referer, Origin,Accept-Encoding","server":"scaffolding on HTTPServer2","x-xss-protection":"0","x-frame-options":"SAMEORIGIN","x-content-type-options":"nosniff","alt-svc":"h3-29=\":443\"; ma=2592000,h3-T051=\":443\"; ma=2592000,h3-Q050=\":443\"; ma=2592000,h3-Q046=\":443\"; ma=2592000,h3-Q043=\":443\"; ma=2592000,quic=\":443\"; ma=2592000; v=\"46,43\"","accept-ranges":"none","transfer-encoding":"chunked"}
[debug] [2021-02-05T07:59:24.984Z] >>> HTTP REQUEST POST https://cloudresourcemanager.googleapis.com/v1/projects/fypj-5cf75:testIamPermissions  
 {"permissions":["cloudconfig.configs.get","cloudconfig.configs.update","cloudfunctions.functions.create","cloudfunctions.functions.delete","cloudfunctions.functions.get","cloudfunctions.functions.list","cloudfunctions.functions.update","cloudfunctions.operations.get","datastore.indexes.create","datastore.indexes.delete","datastore.indexes.list","datastore.indexes.update","firebase.projects.get","firebasedatabase.instances.update","firebasehosting.sites.update","firebaserules.releases.create","firebaserules.releases.update","firebaserules.rulesets.create"]}
[debug] [2021-02-05T07:59:26.208Z] <<< HTTP RESPONSE 200 {"content-type":"application/json; charset=UTF-8","vary":"X-Origin, Referer, Origin,Accept-Encoding","date":"Fri, 05 Feb 2021 07:59:25 GMT","server":"ESF","cache-control":"private","x-xss-protection":"0","x-frame-options":"SAMEORIGIN","x-content-type-options":"nosniff","server-timing":"gfet4t7; dur=995","alt-svc":"h3-29=\":443\"; ma=2592000,h3-T051=\":443\"; ma=2592000,h3-Q050=\":443\"; ma=2592000,h3-Q046=\":443\"; ma=2592000,h3-Q043=\":443\"; ma=2592000,quic=\":443\"; ma=2592000; v=\"46,43\"","accept-ranges":"none","transfer-encoding":"chunked"}
[debug] [2021-02-05T07:59:26.211Z] >>> HTTP REQUEST POST https://iam.googleapis.com/v1/projects/fypj-5cf75/serviceAccounts/fypj-5cf75@appspot.gserviceaccount.com:testIamPermissions  
 {"permissions":["iam.serviceAccounts.actAs"]}
[debug] [2021-02-05T07:59:27.438Z] <<< HTTP RESPONSE 200 {"content-type":"application/json; charset=UTF-8","vary":"X-Origin, Referer, Origin,Accept-Encoding","date":"Fri, 05 Feb 2021 07:59:27 GMT","server":"ESF","cache-control":"private","x-xss-protection":"0","x-frame-options":"SAMEORIGIN","x-content-type-options":"nosniff","alt-svc":"h3-29=\":443\"; ma=2592000,h3-T051=\":443\"; ma=2592000,h3-Q050=\":443\"; ma=2592000,h3-Q046=\":443\"; ma=2592000,h3-Q043=\":443\"; ma=2592000,quic=\":443\"; ma=2592000; v=\"46,43\"","accept-ranges":"none","transfer-encoding":"chunked"}
[debug] [2021-02-05T07:59:27.442Z] > refreshing access token with scopes: []
[debug] [2021-02-05T07:59:27.442Z] >>> HTTP REQUEST POST https://www.googleapis.com/oauth2/v3/token  
 <request body omitted>
[debug] [2021-02-05T07:59:27.517Z] <<< HTTP RESPONSE 200 {"pragma":"no-cache","cache-control":"no-cache, no-store, max-age=0, must-revalidate","expires":"Mon, 01 Jan 1990 00:00:00 GMT","date":"Fri, 05 Feb 2021 07:59:27 GMT","content-type":"application/json; charset=utf-8","vary":"X-Origin, Referer, Origin,Accept-Encoding","server":"scaffolding on HTTPServer2","x-xss-protection":"0","x-frame-options":"SAMEORIGIN","x-content-type-options":"nosniff","alt-svc":"h3-29=\":443\"; ma=2592000,h3-T051=\":443\"; ma=2592000,h3-Q050=\":443\"; ma=2592000,h3-Q046=\":443\"; ma=2592000,h3-Q043=\":443\"; ma=2592000,quic=\":443\"; ma=2592000; v=\"46,43\"","accept-ranges":"none","transfer-encoding":"chunked"}
[debug] [2021-02-05T07:59:27.535Z] >>> [apiv2][query] GET https://firebase.googleapis.com/v1beta1/projects/fypj-5cf75 [none]
[debug] [2021-02-05T07:59:27.805Z] <<< [apiv2][status] GET https://firebase.googleapis.com/v1beta1/projects/fypj-5cf75 200
[debug] [2021-02-05T07:59:27.805Z] <<< [apiv2][body] GET https://firebase.googleapis.com/v1beta1/projects/fypj-5cf75 {"projectId":"fypj-5cf75","projectNumber":"99501682607","displayName":"FYPJ","name":"projects/fypj-5cf75","resources":{"hostingSite":"fypj-5cf75","realtimeDatabaseInstance":"fypj-5cf75-default-rtdb","storageBucket":"fypj-5cf75.appspot.com","locationId":"us-central"},"state":"ACTIVE"}
[debug] [2021-02-05T07:59:27.806Z] >>> [apiv2][query] GET https://firebase.googleapis.com/v1beta1/projects/fypj-5cf75 [none]
[debug] [2021-02-05T07:59:28.158Z] <<< [apiv2][status] GET https://firebase.googleapis.com/v1beta1/projects/fypj-5cf75 200
[debug] [2021-02-05T07:59:28.158Z] <<< [apiv2][body] GET https://firebase.googleapis.com/v1beta1/projects/fypj-5cf75 {"projectId":"fypj-5cf75","projectNumber":"99501682607","displayName":"FYPJ","name":"projects/fypj-5cf75","resources":{"hostingSite":"fypj-5cf75","realtimeDatabaseInstance":"fypj-5cf75-default-rtdb","storageBucket":"fypj-5cf75.appspot.com","locationId":"us-central"},"state":"ACTIVE"}
[debug] [2021-02-05T07:59:28.203Z] TypeError [ERR_INVALID_ARG_TYPE]: The "path" argument must be of type string. Received undefined
    at validateString (internal/validators.js:124:11)
    at Object.join (path.js:375:7)
    at Object.checkFunctionsSDKVersion [as fn] (C:\Users\dinom\AppData\Roaming\npm\node_modules\firebase-tools\lib\checkFirebaseSDKVersion.js:34:28)
    at C:\Users\dinom\AppData\Roaming\npm\node_modules\firebase-tools\lib\command.js:161:30
    at processTicksAndRejections (internal/process/task_queues.js:93:5)
[error] 
[error] Error: An unexpected error has occurred.
